{
  "RSpec": {
    "coverage": {
      "/home/doboz/Documents/ANK/demo_sites/appointment_builder/spec/controllers/api/v1/appoinments_controller_spec.rb": {
        "lines": [
          1,
          null,
          1,
          1,
          1,
          null,
          7,
          7,
          7,
          7,
          7,
          7,
          7,
          7,
          7,
          1,
          null,
          1,
          1,
          1,
          1,
          1,
          1,
          null,
          null,
          null,
          1,
          2,
          1,
          1,
          1,
          1,
          1,
          null,
          null,
          null,
          null,
          1,
          1,
          1,
          1,
          1,
          1,
          null,
          null,
          null,
          1,
          1,
          1,
          1,
          1,
          1,
          null,
          null,
          null,
          null,
          1,
          1,
          2,
          1,
          1,
          1,
          1,
          1,
          null,
          null,
          null,
          1,
          2,
          2,
          null,
          2,
          1,
          1,
          1,
          1,
          1,
          null,
          null,
          null,
          null
        ]
      },
      "/home/doboz/Documents/ANK/demo_sites/appointment_builder/spec/rails_helper.rb": {
        "lines": [
          null,
          1,
          1,
          null,
          1,
          null,
          null,
          1,
          1,
          1,
          null,
          3,
          null,
          1,
          1,
          1,
          1,
          null,
          null,
          null,
          null,
          null,
          null,
          null,
          null,
          null,
          null,
          null,
          null,
          null,
          null,
          null,
          null,
          null,
          null,
          null,
          1,
          1,
          null,
          0,
          0,
          null,
          1,
          null,
          1,
          null,
          null,
          null,
          null,
          1,
          null,
          null,
          null,
          null,
          null,
          null,
          null,
          null,
          null,
          null,
          null,
          null,
          null,
          null,
          null,
          null,
          null,
          1,
          null,
          null,
          1,
          null,
          null,
          null
        ]
      },
      "/home/doboz/Documents/ANK/demo_sites/appointment_builder/config/environment.rb": {
        "lines": [
          null,
          1,
          null,
          null,
          1
        ]
      },
      "/home/doboz/Documents/ANK/demo_sites/appointment_builder/config/application.rb": {
        "lines": [
          1,
          null,
          1,
          null,
          1,
          1,
          1,
          1,
          1,
          1,
          1,
          1,
          null,
          1,
          null,
          null,
          null,
          1,
          null,
          1,
          1,
          null,
          1,
          null,
          null,
          null,
          null,
          null,
          null,
          null,
          null,
          null,
          1,
          null,
          null
        ]
      },
      "/home/doboz/Documents/ANK/demo_sites/appointment_builder/config/boot.rb": {
        "lines": [
          1,
          null,
          1,
          1
        ]
      },
      "/home/doboz/Documents/ANK/demo_sites/appointment_builder/config/environments/test.rb": {
        "lines": [
          1,
          null,
          null,
          null,
          null,
          null,
          null,
          1,
          null,
          null,
          null,
          null,
          1,
          null,
          null,
          1,
          1,
          null,
          null,
          null,
          null,
          1,
          1,
          null,
          null,
          1,
          null,
          null,
          1,
          null,
          null,
          1,
          null,
          1,
          null,
          null,
          null,
          null,
          1,
          null,
          null,
          1,
          null,
          null,
          null,
          null
        ]
      },
      "/home/doboz/Documents/ANK/demo_sites/appointment_builder/config/initializers/application_controller_renderer.rb": {
        "lines": [
          null,
          null,
          null,
          null,
          null,
          null,
          null,
          null
        ]
      },
      "/home/doboz/Documents/ANK/demo_sites/appointment_builder/config/initializers/backtrace_silencers.rb": {
        "lines": [
          null,
          null,
          null,
          null,
          null,
          null,
          null
        ]
      },
      "/home/doboz/Documents/ANK/demo_sites/appointment_builder/config/initializers/cors.rb": {
        "lines": [
          null,
          null,
          null,
          null,
          null,
          null,
          null,
          null,
          null,
          null,
          null,
          null,
          null,
          null,
          null,
          null
        ]
      },
      "/home/doboz/Documents/ANK/demo_sites/appointment_builder/config/initializers/filter_parameter_logging.rb": {
        "lines": [
          null,
          null,
          null,
          1
        ]
      },
      "/home/doboz/Documents/ANK/demo_sites/appointment_builder/config/initializers/inflections.rb": {
        "lines": [
          null,
          null,
          null,
          null,
          null,
          null,
          null,
          null,
          null,
          null,
          null,
          null,
          null,
          null,
          null,
          null
        ]
      },
      "/home/doboz/Documents/ANK/demo_sites/appointment_builder/config/initializers/mime_types.rb": {
        "lines": [
          null,
          null,
          null,
          null
        ]
      },
      "/home/doboz/Documents/ANK/demo_sites/appointment_builder/config/initializers/require_libs.rb": {
        "lines": [
          2
        ]
      },
      "/home/doboz/Documents/ANK/demo_sites/appointment_builder/lib/json_web_token.rb": {
        "lines": [
          1,
          1,
          null,
          1,
          9,
          9,
          null,
          null,
          1,
          15,
          15,
          null,
          null
        ]
      },
      "/home/doboz/Documents/ANK/demo_sites/appointment_builder/config/initializers/wrap_parameters.rb": {
        "lines": [
          null,
          null,
          null,
          null,
          null,
          null,
          1,
          2,
          null,
          null,
          null,
          null,
          null,
          null
        ]
      },
      "/home/doboz/Documents/ANK/demo_sites/appointment_builder/spec/factories/appointment.rb": {
        "lines": [
          1,
          1,
          1,
          1,
          1,
          1,
          null,
          null
        ]
      },
      "/home/doboz/Documents/ANK/demo_sites/appointment_builder/spec/factories/doctor.rb": {
        "lines": [
          1,
          1,
          10,
          null,
          1,
          10,
          null,
          1,
          10,
          null,
          null
        ]
      },
      "/home/doboz/Documents/ANK/demo_sites/appointment_builder/app/models/doctor.rb": {
        "lines": [
          1,
          1,
          1,
          null
        ]
      },
      "/home/doboz/Documents/ANK/demo_sites/appointment_builder/app/models/application_record.rb": {
        "lines": [
          1,
          1,
          null
        ]
      },
      "/home/doboz/Documents/ANK/demo_sites/appointment_builder/spec/factories/slot.rb": {
        "lines": [
          1,
          1,
          10,
          10,
          null,
          1,
          10,
          10,
          null,
          1,
          10,
          10,
          null,
          1,
          10,
          10,
          null,
          1,
          10,
          10,
          null,
          null
        ]
      },
      "/home/doboz/Documents/ANK/demo_sites/appointment_builder/spec/factories/user.rb": {
        "lines": [
          1,
          1,
          12,
          12,
          12,
          12,
          null,
          null
        ]
      },
      "/home/doboz/Documents/ANK/demo_sites/appointment_builder/config/routes.rb": {
        "lines": [
          1,
          null,
          1,
          1,
          1,
          1,
          1,
          null,
          1,
          1,
          1,
          null,
          null,
          null
        ]
      },
      "/home/doboz/Documents/ANK/demo_sites/appointment_builder/spec/support/api_helper.rb": {
        "lines": [
          1,
          null,
          1,
          9,
          null,
          null,
          1,
          9,
          9,
          null,
          null
        ]
      },
      "/home/doboz/Documents/ANK/demo_sites/appointment_builder/spec/support/factory_bot.rb": {
        "lines": [
          1,
          1,
          null
        ]
      },
      "/home/doboz/Documents/ANK/demo_sites/appointment_builder/app/controllers/api/v1/appointments_controller.rb": {
        "lines": [
          1,
          1,
          null,
          1,
          2,
          null,
          null,
          1,
          4,
          4,
          1,
          1,
          null,
          3,
          null,
          null,
          null,
          1,
          1,
          4,
          null,
          null
        ]
      },
      "/home/doboz/Documents/ANK/demo_sites/appointment_builder/app/controllers/application_controller.rb": {
        "lines": [
          1,
          1,
          0,
          null,
          null,
          1,
          15,
          15,
          15,
          15,
          15,
          0,
          0,
          null,
          0,
          null,
          null,
          null,
          null,
          1,
          9,
          9,
          null,
          0,
          null,
          null,
          null,
          1,
          15,
          null,
          null
        ]
      },
      "/home/doboz/Documents/ANK/demo_sites/appointment_builder/spec/controllers/api/v1/doctors_controller_spec.rb": {
        "lines": [
          1,
          null,
          1,
          1,
          1,
          null,
          3,
          3,
          3,
          3,
          3,
          3,
          3,
          3,
          3,
          null,
          1,
          1,
          1,
          1,
          1,
          1,
          1,
          null,
          null,
          null,
          1,
          2,
          2,
          2,
          1,
          1,
          1,
          1,
          1,
          null,
          null,
          null,
          null
        ]
      },
      "/home/doboz/Documents/ANK/demo_sites/appointment_builder/app/controllers/api/v1/doctors_controller.rb": {
        "lines": [
          1,
          1,
          null,
          1,
          1,
          null,
          null,
          1,
          1,
          null,
          null,
          null
        ]
      },
      "/home/doboz/Documents/ANK/demo_sites/appointment_builder/spec/controllers/api/v1/slots_controller_spec.rb": {
        "lines": [
          1,
          null,
          1,
          1,
          1,
          null,
          2,
          2,
          2,
          2,
          2,
          2,
          2,
          2,
          2,
          null,
          1,
          1,
          1,
          1,
          1,
          1,
          1,
          null,
          null,
          null,
          null
        ]
      },
      "/home/doboz/Documents/ANK/demo_sites/appointment_builder/app/controllers/api/v1/slots_controller.rb": {
        "lines": [
          1,
          1,
          null,
          1,
          1,
          null,
          null
        ]
      },
      "/home/doboz/Documents/ANK/demo_sites/appointment_builder/spec/models/user_spec.rb": {
        "lines": [
          1,
          null,
          1,
          3,
          null,
          null,
          2,
          2,
          2,
          null,
          null,
          1,
          1,
          1,
          1,
          null,
          null,
          1,
          1,
          1,
          1,
          null,
          null,
          null,
          null
        ]
      },
      "/home/doboz/Documents/ANK/demo_sites/appointment_builder/app/models/user.rb": {
        "lines": [
          1,
          1,
          null,
          1,
          1,
          1,
          null,
          16,
          null,
          1,
          null
        ]
      },
      "/home/doboz/Documents/ANK/demo_sites/appointment_builder/app/models/slot.rb": {
        "lines": [
          1,
          null,
          1,
          1,
          null,
          1,
          null
        ]
      },
      "/home/doboz/Documents/ANK/demo_sites/appointment_builder/app/controllers/api/v1/account/session_controller.rb": {
        "lines": [
          1,
          1,
          9,
          9,
          9,
          9,
          9,
          9,
          null,
          0,
          null,
          null,
          null
        ]
      },
      "/home/doboz/Documents/ANK/demo_sites/appointment_builder/app/models/appointment.rb": {
        "lines": [
          1,
          1,
          1,
          null,
          1,
          1,
          1,
          1,
          1,
          null,
          null,
          1,
          2,
          0,
          2,
          0,
          2,
          0,
          null,
          null,
          null,
          1,
          null,
          null,
          1,
          12,
          12,
          11,
          11,
          2,
          2,
          2,
          2,
          1,
          null,
          1,
          null,
          null,
          0,
          null,
          null,
          null,
          1,
          null,
          null,
          null,
          1,
          12,
          null,
          null
        ]
      },
      "/home/doboz/Documents/ANK/demo_sites/appointment_builder/app/models/appointment_slot.rb": {
        "lines": [
          1,
          1,
          1,
          null
        ]
      }
    },
    "timestamp": 1604919847
  }
}
